2025-11-11 00:02:25,644 - __main__ - INFO - Starting comprehensive system analysis...
2025-11-11 00:02:25,644 - __main__ - INFO - Analyzing server code structure...
2025-11-11 00:02:25,644 - __main__ - INFO - Analyzing configuration...
2025-11-11 00:02:25,644 - __main__ - INFO - Analyzing directory structure...
2025-11-11 00:02:25,937 - __main__ - INFO - Checking model dependencies...
2025-11-11 00:02:26,658 - __main__ - INFO - Assessing trading logic...
2025-11-11 00:02:26,659 - __main__ - INFO - Generating recommendations...
2025-11-11 00:02:26,659 - __main__ - INFO - Establishing baseline metrics...
2025-11-11 00:02:26,659 - __main__ - INFO - Creating analysis report...
2025-11-11 00:03:43,929 - __main__ - INFO - Starting comprehensive system analysis...
2025-11-11 00:03:43,930 - __main__ - INFO - Analyzing server code structure...
2025-11-11 00:03:43,930 - __main__ - INFO - Analyzing configuration...
2025-11-11 00:03:43,930 - __main__ - INFO - Analyzing directory structure...
2025-11-11 00:03:44,058 - __main__ - INFO - Checking model dependencies...
2025-11-11 00:03:44,745 - __main__ - INFO - Assessing trading logic...
2025-11-11 00:03:44,745 - __main__ - INFO - Generating recommendations...
2025-11-11 00:03:44,745 - __main__ - INFO - Establishing baseline metrics...
2025-11-11 00:03:44,745 - __main__ - INFO - Creating analysis report...
2025-11-11 02:50:51,883 - __main__ - INFO - Starting comprehensive system analysis...
2025-11-11 02:50:51,884 - __main__ - INFO - Analyzing server code structure...
2025-11-11 02:50:51,884 - __main__ - INFO - Analyzing configuration...
2025-11-11 02:50:51,884 - __main__ - INFO - Analyzing directory structure...
2025-11-11 02:50:52,315 - __main__ - INFO - Checking model dependencies...
2025-11-11 02:50:53,395 - __main__ - INFO - Assessing trading logic...
2025-11-11 02:50:53,395 - __main__ - INFO - Generating recommendations...
2025-11-11 02:50:53,395 - __main__ - INFO - Establishing baseline metrics...
2025-11-11 02:50:53,395 - __main__ - INFO - Creating analysis report...
2025-11-11 02:54:49,590 - __main__ - INFO - Starting comprehensive system analysis...
2025-11-11 02:54:49,590 - __main__ - INFO - Analyzing server code structure...
2025-11-11 02:54:49,590 - __main__ - INFO - Analyzing configuration...
2025-11-11 02:54:49,590 - __main__ - INFO - Analyzing directory structure...
2025-11-11 02:54:50,067 - __main__ - INFO - Checking model dependencies...
2025-11-11 02:54:50,906 - __main__ - INFO - Assessing trading logic...
2025-11-11 02:54:50,906 - __main__ - INFO - Generating recommendations...
2025-11-11 02:54:50,906 - __main__ - INFO - Establishing baseline metrics...
2025-11-11 02:54:50,906 - __main__ - INFO - Creating analysis report...
2025-11-11 02:57:35,325 - __main__ - INFO - Starting comprehensive system analysis...
2025-11-11 02:57:35,325 - __main__ - INFO - Analyzing server code structure...
2025-11-11 02:57:35,325 - __main__ - INFO - Analyzing configuration...
2025-11-11 02:57:35,325 - __main__ - INFO - Analyzing directory structure...
2025-11-11 02:57:35,780 - __main__ - INFO - Checking model dependencies...
2025-11-11 02:57:36,647 - __main__ - INFO - Assessing trading logic...
2025-11-11 02:57:36,647 - __main__ - INFO - Generating recommendations...
2025-11-11 02:57:36,647 - __main__ - INFO - Establishing baseline metrics...
2025-11-11 02:57:36,647 - __main__ - INFO - Creating analysis report...
2025-11-11 03:39:20,393 - __main__ - INFO - Starting comprehensive system analysis...
2025-11-11 03:39:20,393 - __main__ - INFO - Analyzing server code structure...
2025-11-11 03:39:20,393 - __main__ - INFO - Analyzing configuration...
2025-11-11 03:39:20,393 - __main__ - INFO - Analyzing directory structure...
2025-11-11 03:39:20,425 - __main__ - INFO - Checking model dependencies...
2025-11-11 03:39:25,421 - __main__ - INFO - Assessing trading logic...
2025-11-11 03:39:25,422 - __main__ - INFO - Generating recommendations...
2025-11-11 03:39:25,422 - __main__ - INFO - Establishing baseline metrics...
2025-11-11 03:39:25,422 - __main__ - INFO - Creating analysis report...
2025-11-11 03:49:11,208 - __main__ - INFO - Starting comprehensive system analysis...
2025-11-11 03:49:11,208 - __main__ - INFO - Analyzing server code structure...
2025-11-11 03:49:11,208 - __main__ - INFO - Analyzing configuration...
2025-11-11 03:49:11,208 - __main__ - INFO - Analyzing directory structure...
2025-11-11 03:49:11,234 - __main__ - INFO - Checking model dependencies...
2025-11-11 03:49:12,329 - __main__ - INFO - Assessing trading logic...
2025-11-11 03:49:12,329 - __main__ - INFO - Generating recommendations...
2025-11-11 03:49:12,329 - __main__ - INFO - Establishing baseline metrics...
2025-11-11 03:49:12,329 - __main__ - INFO - Creating analysis report...
2025-11-11 03:51:37,611 - __main__ - INFO - Starting comprehensive system analysis...
2025-11-11 03:51:37,611 - __main__ - INFO - Analyzing server code structure...
2025-11-11 03:51:37,611 - __main__ - INFO - Analyzing configuration...
2025-11-11 03:51:37,611 - __main__ - INFO - Analyzing directory structure...
2025-11-11 03:51:37,634 - __main__ - INFO - Checking model dependencies...
2025-11-11 03:51:38,646 - __main__ - INFO - Assessing trading logic...
2025-11-11 03:51:38,646 - __main__ - INFO - Generating recommendations...
2025-11-11 03:51:38,646 - __main__ - INFO - Establishing baseline metrics...
2025-11-11 03:51:38,646 - __main__ - INFO - Creating analysis report...
2025-11-11 03:54:29,422 - __main__ - INFO - Starting comprehensive system analysis...
2025-11-11 03:54:29,422 - __main__ - INFO - Analyzing server code structure...
2025-11-11 03:54:29,422 - __main__ - INFO - Analyzing configuration...
2025-11-11 03:54:29,422 - __main__ - INFO - Analyzing directory structure...
2025-11-11 03:54:29,449 - __main__ - INFO - Checking model dependencies...
2025-11-11 03:54:30,451 - __main__ - INFO - Assessing trading logic...
2025-11-11 03:54:30,451 - __main__ - INFO - Generating recommendations...
2025-11-11 03:54:30,451 - __main__ - INFO - Establishing baseline metrics...
2025-11-11 03:54:30,451 - __main__ - INFO - Creating analysis report...
2025-11-11 15:17:54,680 - __main__ - INFO - Starting comprehensive system analysis...
2025-11-11 15:17:54,680 - __main__ - INFO - Analyzing server code structure...
2025-11-11 15:17:54,680 - __main__ - INFO - Analyzing configuration...
2025-11-11 15:17:54,680 - __main__ - INFO - Analyzing directory structure...
2025-11-11 15:17:54,798 - __main__ - INFO - Checking model dependencies...
2025-11-11 15:17:55,822 - __main__ - INFO - Assessing trading logic...
2025-11-11 15:17:55,822 - __main__ - INFO - Generating recommendations...
2025-11-11 15:17:55,822 - __main__ - INFO - Establishing baseline metrics...
2025-11-11 15:17:55,822 - __main__ - INFO - Creating analysis report...
2025-11-11 15:47:53,650 - __main__ - INFO - Starting comprehensive system analysis...
2025-11-11 15:47:53,650 - __main__ - INFO - Analyzing server code structure...
2025-11-11 15:47:53,650 - __main__ - INFO - Analyzing configuration...
2025-11-11 15:47:53,650 - __main__ - INFO - Analyzing directory structure...
2025-11-11 15:47:53,757 - __main__ - INFO - Checking model dependencies...
2025-11-11 15:47:54,740 - __main__ - INFO - Assessing trading logic...
2025-11-11 15:47:54,740 - __main__ - INFO - Generating recommendations...
2025-11-11 15:47:54,740 - __main__ - INFO - Establishing baseline metrics...
2025-11-11 15:47:54,740 - __main__ - INFO - Creating analysis report...
2025-11-11 15:51:36,316 - __main__ - INFO - Starting comprehensive system analysis...
2025-11-11 15:51:36,316 - __main__ - INFO - Analyzing server code structure...
2025-11-11 15:51:36,316 - __main__ - INFO - Analyzing configuration...
2025-11-11 15:51:36,316 - __main__ - INFO - Analyzing directory structure...
2025-11-11 15:51:36,339 - __main__ - INFO - Checking model dependencies...
2025-11-11 15:51:37,227 - __main__ - INFO - Assessing trading logic...
2025-11-11 15:51:37,227 - __main__ - INFO - Generating recommendations...
2025-11-11 15:51:37,227 - __main__ - INFO - Establishing baseline metrics...
2025-11-11 15:51:37,227 - __main__ - INFO - Creating analysis report...
2025-11-12 20:36:43,116 - __main__ - INFO - Starting comprehensive system analysis...
2025-11-12 20:36:43,116 - __main__ - INFO - Analyzing server code structure...
2025-11-12 20:36:43,116 - __main__ - INFO - Analyzing configuration...
2025-11-12 20:36:43,116 - __main__ - INFO - Analyzing directory structure...
2025-11-12 20:36:43,240 - __main__ - INFO - Checking model dependencies...
2025-11-12 20:36:45,613 - __main__ - INFO - Assessing trading logic...
2025-11-12 20:36:45,613 - __main__ - INFO - Generating recommendations...
2025-11-12 20:36:45,613 - __main__ - INFO - Establishing baseline metrics...
2025-11-12 20:36:45,613 - __main__ - INFO - Creating analysis report...
2025-11-12 20:38:27,339 - __main__ - INFO - Starting comprehensive system analysis...
2025-11-12 20:38:27,340 - __main__ - INFO - Analyzing server code structure...
2025-11-12 20:38:27,340 - __main__ - INFO - Analyzing configuration...
2025-11-12 20:38:27,340 - __main__ - INFO - Analyzing directory structure...
2025-11-12 20:38:27,371 - __main__ - INFO - Checking model dependencies...
2025-11-12 20:38:28,324 - __main__ - INFO - Assessing trading logic...
2025-11-12 20:38:28,324 - __main__ - INFO - Generating recommendations...
2025-11-12 20:38:28,324 - __main__ - INFO - Establishing baseline metrics...
2025-11-12 20:38:28,324 - __main__ - INFO - Creating analysis report...
