2025-11-11 14:23:47,779 - __main__.EnhancedTradeLogger - INFO - Enhanced Trade Logger initialized
2025-11-11 14:23:47,781 - __main__.EnhancedTradeLogger - INFO - Database tables initialized successfully
2025-11-11 14:23:47,781 - __main__.EnhancedTradeLogger - INFO - Signal logged: SIG_TEST_001 - BUY (75.5% confidence)
2025-11-11 14:23:47,782 - __main__.EnhancedTradeLogger - INFO - Execution logged: TRD_001 - OPEN at 2650.5
2025-11-11 14:23:47,782 - __main__.EnhancedTradeLogger - INFO - Outcome logged: TRD_001 - WIN (100.0 pips)
2025-11-11 14:23:47,782 - __main__.EnhancedTradeLogger - INFO - Performance metric logged: overall_win_rate = 73.5
2025-11-11 14:23:47,783 - __main__.EnhancedTradeLogger - INFO - Performance metric logged: max_drawdown_pips = -45.2
2025-11-11 14:23:47,783 - __main__.EnhancedTradeLogger - INFO - Performance metric logged: profit_factor = 1.85
2025-11-11 14:23:47,784 - __main__.EnhancedTradeLogger - ERROR - Error getting signal performance: 'losses'
2025-11-11 14:23:47,784 - __main__.EnhancedTradeLogger - INFO - Performance report exported to: /Users/arturo/git/ai-gold-scalper/logs/performance_report_20251111_142347.json
2025-11-11 14:23:47,785 - __main__.EnhancedTradeLogger - ERROR - Error getting signal performance: 'losses'
2025-11-11 14:29:24,259 - __main__.EnhancedTradeLogger - INFO - Enhanced Trade Logger initialized
2025-11-11 14:29:24,261 - __main__.EnhancedTradeLogger - INFO - Database tables initialized successfully
2025-11-11 14:29:24,261 - __main__.EnhancedTradeLogger - INFO - Signal logged: SIG_TEST_001 - BUY (75.5% confidence)
2025-11-11 14:29:24,262 - __main__.EnhancedTradeLogger - INFO - Execution logged: TRD_001 - OPEN at 2650.5
2025-11-11 14:29:24,262 - __main__.EnhancedTradeLogger - INFO - Outcome logged: TRD_001 - WIN (100.0 pips)
2025-11-11 14:29:24,262 - __main__.EnhancedTradeLogger - INFO - Performance metric logged: overall_win_rate = 73.5
2025-11-11 14:29:24,262 - __main__.EnhancedTradeLogger - INFO - Performance metric logged: max_drawdown_pips = -45.2
2025-11-11 14:29:24,263 - __main__.EnhancedTradeLogger - INFO - Performance metric logged: profit_factor = 1.85
2025-11-11 14:29:24,264 - __main__.EnhancedTradeLogger - ERROR - Error getting signal performance: 'losses'
2025-11-11 14:29:24,264 - __main__.EnhancedTradeLogger - INFO - Performance report exported to: /Users/arturo/git/ai-gold-scalper/logs/performance_report_20251111_142924.json
2025-11-11 14:29:24,265 - __main__.EnhancedTradeLogger - ERROR - Error getting signal performance: 'losses'
2025-11-11 14:30:10,047 - __main__.EnhancedTradeLogger - INFO - Enhanced Trade Logger initialized
2025-11-11 14:30:10,049 - __main__.EnhancedTradeLogger - INFO - Database tables initialized successfully
2025-11-11 14:30:10,049 - __main__.EnhancedTradeLogger - INFO - Signal logged: SIG_TEST_001 - BUY (75.5% confidence)
2025-11-11 14:30:10,050 - __main__.EnhancedTradeLogger - INFO - Execution logged: TRD_001 - OPEN at 2650.5
2025-11-11 14:30:10,050 - __main__.EnhancedTradeLogger - INFO - Outcome logged: TRD_001 - WIN (100.0 pips)
2025-11-11 14:30:10,050 - __main__.EnhancedTradeLogger - INFO - Performance metric logged: overall_win_rate = 73.5
2025-11-11 14:30:10,050 - __main__.EnhancedTradeLogger - INFO - Performance metric logged: max_drawdown_pips = -45.2
2025-11-11 14:30:10,051 - __main__.EnhancedTradeLogger - INFO - Performance metric logged: profit_factor = 1.85
2025-11-11 14:30:10,052 - __main__.EnhancedTradeLogger - ERROR - Error getting signal performance: 'losses'
2025-11-11 14:30:10,052 - __main__.EnhancedTradeLogger - INFO - Performance report exported to: /Users/arturo/git/ai-gold-scalper/logs/performance_report_20251111_143010.json
2025-11-11 14:30:10,053 - __main__.EnhancedTradeLogger - ERROR - Error getting signal performance: 'losses'
2025-11-11 14:32:02,535 - monitoring.enhanced_trade_logger.EnhancedTradeLogger - INFO - Enhanced Trade Logger initialized
2025-11-11 14:32:02,535 - monitoring.enhanced_trade_logger.EnhancedTradeLogger - INFO - Database tables initialized successfully
2025-11-11 14:32:02,535 - scripts.monitoring.enhanced_trade_logger.EnhancedTradeLogger - INFO - Enhanced Trade Logger initialized
2025-11-11 14:32:02,536 - scripts.monitoring.enhanced_trade_logger.EnhancedTradeLogger - INFO - Database tables initialized successfully
2025-11-11 14:36:43,057 - monitoring.enhanced_trade_logger.EnhancedTradeLogger - INFO - Enhanced Trade Logger initialized
2025-11-11 14:36:43,058 - monitoring.enhanced_trade_logger.EnhancedTradeLogger - INFO - Database tables initialized successfully
2025-11-11 14:36:43,058 - scripts.monitoring.enhanced_trade_logger.EnhancedTradeLogger - INFO - Enhanced Trade Logger initialized
2025-11-11 14:36:43,058 - scripts.monitoring.enhanced_trade_logger.EnhancedTradeLogger - INFO - Database tables initialized successfully
2025-11-11 14:38:37,266 - monitoring.enhanced_trade_logger.EnhancedTradeLogger - INFO - Enhanced Trade Logger initialized
2025-11-11 14:38:37,266 - monitoring.enhanced_trade_logger.EnhancedTradeLogger - INFO - Database tables initialized successfully
2025-11-11 14:38:37,266 - scripts.monitoring.enhanced_trade_logger.EnhancedTradeLogger - INFO - Enhanced Trade Logger initialized
2025-11-11 14:38:37,266 - scripts.monitoring.enhanced_trade_logger.EnhancedTradeLogger - INFO - Database tables initialized successfully
2025-11-11 14:39:46,354 - monitoring.enhanced_trade_logger.EnhancedTradeLogger - INFO - Enhanced Trade Logger initialized
2025-11-11 14:39:46,354 - monitoring.enhanced_trade_logger.EnhancedTradeLogger - INFO - Database tables initialized successfully
2025-11-11 14:39:46,355 - scripts.monitoring.enhanced_trade_logger.EnhancedTradeLogger - INFO - Enhanced Trade Logger initialized
2025-11-11 14:39:46,355 - scripts.monitoring.enhanced_trade_logger.EnhancedTradeLogger - INFO - Database tables initialized successfully
2025-11-11 14:41:45,983 - monitoring.enhanced_trade_logger.EnhancedTradeLogger - INFO - Enhanced Trade Logger initialized
2025-11-11 14:41:45,984 - monitoring.enhanced_trade_logger.EnhancedTradeLogger - INFO - Database tables initialized successfully
2025-11-11 14:41:45,984 - scripts.monitoring.enhanced_trade_logger.EnhancedTradeLogger - INFO - Enhanced Trade Logger initialized
2025-11-11 14:41:45,984 - scripts.monitoring.enhanced_trade_logger.EnhancedTradeLogger - INFO - Database tables initialized successfully
2025-11-11 14:45:12,011 - monitoring.enhanced_trade_logger.EnhancedTradeLogger - INFO - Enhanced Trade Logger initialized
2025-11-11 14:45:12,012 - monitoring.enhanced_trade_logger.EnhancedTradeLogger - INFO - Database tables initialized successfully
2025-11-11 14:45:12,012 - scripts.monitoring.enhanced_trade_logger.EnhancedTradeLogger - INFO - Enhanced Trade Logger initialized
2025-11-11 14:45:12,012 - scripts.monitoring.enhanced_trade_logger.EnhancedTradeLogger - INFO - Database tables initialized successfully
2025-11-11 14:47:21,572 - monitoring.enhanced_trade_logger.EnhancedTradeLogger - INFO - Enhanced Trade Logger initialized
2025-11-11 14:47:21,572 - monitoring.enhanced_trade_logger.EnhancedTradeLogger - INFO - Database tables initialized successfully
2025-11-11 14:47:21,572 - scripts.monitoring.enhanced_trade_logger.EnhancedTradeLogger - INFO - Enhanced Trade Logger initialized
2025-11-11 14:47:21,572 - scripts.monitoring.enhanced_trade_logger.EnhancedTradeLogger - INFO - Database tables initialized successfully
2025-11-11 14:49:17,074 - monitoring.enhanced_trade_logger.EnhancedTradeLogger - INFO - Enhanced Trade Logger initialized
2025-11-11 14:49:17,075 - monitoring.enhanced_trade_logger.EnhancedTradeLogger - INFO - Database tables initialized successfully
2025-11-11 14:49:17,075 - scripts.monitoring.enhanced_trade_logger.EnhancedTradeLogger - INFO - Enhanced Trade Logger initialized
2025-11-11 14:49:17,075 - scripts.monitoring.enhanced_trade_logger.EnhancedTradeLogger - INFO - Database tables initialized successfully
2025-11-11 15:24:14,164 - monitoring.enhanced_trade_logger.EnhancedTradeLogger - INFO - Enhanced Trade Logger initialized
2025-11-11 15:24:14,164 - monitoring.enhanced_trade_logger.EnhancedTradeLogger - INFO - Database tables initialized successfully
2025-11-11 15:24:14,164 - scripts.monitoring.enhanced_trade_logger.EnhancedTradeLogger - INFO - Enhanced Trade Logger initialized
2025-11-11 15:24:14,164 - scripts.monitoring.enhanced_trade_logger.EnhancedTradeLogger - INFO - Database tables initialized successfully
2025-11-11 15:30:40,335 - monitoring.enhanced_trade_logger.EnhancedTradeLogger - INFO - Enhanced Trade Logger initialized
2025-11-11 15:30:40,335 - monitoring.enhanced_trade_logger.EnhancedTradeLogger - INFO - Database tables initialized successfully
2025-11-11 15:30:40,336 - scripts.monitoring.enhanced_trade_logger.EnhancedTradeLogger - INFO - Enhanced Trade Logger initialized
2025-11-11 15:30:40,336 - scripts.monitoring.enhanced_trade_logger.EnhancedTradeLogger - INFO - Database tables initialized successfully
2025-11-11 15:35:13,082 - monitoring.enhanced_trade_logger.EnhancedTradeLogger - INFO - Enhanced Trade Logger initialized
2025-11-11 15:35:13,082 - monitoring.enhanced_trade_logger.EnhancedTradeLogger - INFO - Database tables initialized successfully
2025-11-11 15:35:13,082 - scripts.monitoring.enhanced_trade_logger.EnhancedTradeLogger - INFO - Enhanced Trade Logger initialized
2025-11-11 15:35:13,082 - scripts.monitoring.enhanced_trade_logger.EnhancedTradeLogger - INFO - Database tables initialized successfully
2025-11-11 15:36:58,642 - monitoring.enhanced_trade_logger.EnhancedTradeLogger - INFO - Enhanced Trade Logger initialized
2025-11-11 15:36:58,642 - monitoring.enhanced_trade_logger.EnhancedTradeLogger - INFO - Database tables initialized successfully
2025-11-11 15:36:58,642 - scripts.monitoring.enhanced_trade_logger.EnhancedTradeLogger - INFO - Enhanced Trade Logger initialized
2025-11-11 15:36:58,642 - scripts.monitoring.enhanced_trade_logger.EnhancedTradeLogger - INFO - Database tables initialized successfully
2025-11-11 15:41:14,222 - monitoring.enhanced_trade_logger.EnhancedTradeLogger - INFO - Enhanced Trade Logger initialized
2025-11-11 15:41:14,222 - monitoring.enhanced_trade_logger.EnhancedTradeLogger - INFO - Database tables initialized successfully
2025-11-11 15:41:14,222 - scripts.monitoring.enhanced_trade_logger.EnhancedTradeLogger - INFO - Enhanced Trade Logger initialized
2025-11-11 15:41:14,223 - scripts.monitoring.enhanced_trade_logger.EnhancedTradeLogger - INFO - Database tables initialized successfully
2025-11-11 15:46:06,540 - monitoring.enhanced_trade_logger.EnhancedTradeLogger - INFO - Enhanced Trade Logger initialized
2025-11-11 15:46:06,541 - monitoring.enhanced_trade_logger.EnhancedTradeLogger - INFO - Database tables initialized successfully
2025-11-11 15:46:06,541 - scripts.monitoring.enhanced_trade_logger.EnhancedTradeLogger - INFO - Enhanced Trade Logger initialized
2025-11-11 15:46:06,541 - scripts.monitoring.enhanced_trade_logger.EnhancedTradeLogger - INFO - Database tables initialized successfully
2025-11-11 15:48:17,075 - __main__.EnhancedTradeLogger - INFO - Enhanced Trade Logger initialized
2025-11-11 15:48:17,076 - __main__.EnhancedTradeLogger - INFO - Database tables initialized successfully
2025-11-11 15:48:17,076 - __main__.EnhancedTradeLogger - ERROR - Error logging signal: UNIQUE constraint failed: signals.signal_id
2025-11-11 15:48:17,077 - __main__.EnhancedTradeLogger - INFO - Execution logged: TRD_001 - OPEN at 2650.5
2025-11-11 15:48:17,077 - __main__.EnhancedTradeLogger - INFO - Outcome logged: TRD_001 - WIN (100.0 pips)
2025-11-11 15:48:17,077 - __main__.EnhancedTradeLogger - INFO - Performance metric logged: overall_win_rate = 73.5
2025-11-11 15:48:17,078 - __main__.EnhancedTradeLogger - INFO - Performance metric logged: max_drawdown_pips = -45.2
2025-11-11 15:48:17,078 - __main__.EnhancedTradeLogger - INFO - Performance metric logged: profit_factor = 1.85
2025-11-11 15:48:17,079 - __main__.EnhancedTradeLogger - ERROR - Error getting signal performance: 'losses'
2025-11-11 15:48:17,079 - __main__.EnhancedTradeLogger - INFO - Performance report exported to: /Users/arturo/git/ai-gold-scalper/logs/performance_report_20251111_154817.json
2025-11-11 15:48:17,080 - __main__.EnhancedTradeLogger - ERROR - Error getting signal performance: 'losses'
2025-11-12 20:38:59,590 - __main__.EnhancedTradeLogger - INFO - Enhanced Trade Logger initialized
2025-11-12 20:38:59,591 - __main__.EnhancedTradeLogger - INFO - Database tables initialized successfully
2025-11-12 20:38:59,591 - __main__.EnhancedTradeLogger - ERROR - Error logging signal: UNIQUE constraint failed: signals.signal_id
2025-11-12 20:38:59,592 - __main__.EnhancedTradeLogger - INFO - Execution logged: TRD_001 - OPEN at 2650.5
2025-11-12 20:38:59,592 - __main__.EnhancedTradeLogger - INFO - Outcome logged: TRD_001 - WIN (100.0 pips)
2025-11-12 20:38:59,592 - __main__.EnhancedTradeLogger - INFO - Performance metric logged: overall_win_rate = 73.5
2025-11-12 20:38:59,593 - __main__.EnhancedTradeLogger - INFO - Performance metric logged: max_drawdown_pips = -45.2
2025-11-12 20:38:59,593 - __main__.EnhancedTradeLogger - INFO - Performance metric logged: profit_factor = 1.85
2025-11-12 20:38:59,594 - __main__.EnhancedTradeLogger - ERROR - Error getting signal performance: 'losses'
2025-11-12 20:38:59,594 - __main__.EnhancedTradeLogger - INFO - Performance report exported to: /Users/arturo/git/ai-gold-scalper/logs/performance_report_20251112_203859.json
2025-11-12 20:38:59,595 - __main__.EnhancedTradeLogger - ERROR - Error getting signal performance: 'losses'
2025-11-12 20:41:56,289 - __main__.EnhancedTradeLogger - INFO - Enhanced Trade Logger initialized
2025-11-12 20:41:56,290 - __main__.EnhancedTradeLogger - INFO - Database tables initialized successfully
2025-11-12 20:41:56,290 - __main__.EnhancedTradeLogger - ERROR - Error logging signal: UNIQUE constraint failed: signals.signal_id
2025-11-12 20:41:56,292 - __main__.EnhancedTradeLogger - INFO - Execution logged: TRD_001 - OPEN at 2650.5
2025-11-12 20:41:56,292 - __main__.EnhancedTradeLogger - INFO - Outcome logged: TRD_001 - WIN (100.0 pips)
2025-11-12 20:41:56,292 - __main__.EnhancedTradeLogger - INFO - Performance metric logged: overall_win_rate = 73.5
2025-11-12 20:41:56,293 - __main__.EnhancedTradeLogger - INFO - Performance metric logged: max_drawdown_pips = -45.2
2025-11-12 20:41:56,293 - __main__.EnhancedTradeLogger - INFO - Performance metric logged: profit_factor = 1.85
2025-11-12 20:41:56,294 - __main__.EnhancedTradeLogger - ERROR - Error getting signal performance: 'losses'
2025-11-12 20:41:56,294 - __main__.EnhancedTradeLogger - INFO - Performance report exported to: /Users/arturo/git/ai-gold-scalper/logs/performance_report_20251112_204156.json
2025-11-12 20:41:56,295 - __main__.EnhancedTradeLogger - ERROR - Error getting signal performance: 'losses'
2025-11-12 21:10:33,356 - __main__.EnhancedTradeLogger - INFO - Enhanced Trade Logger initialized
2025-11-12 21:10:33,357 - __main__.EnhancedTradeLogger - INFO - Database tables initialized successfully
2025-11-12 21:10:33,357 - __main__.EnhancedTradeLogger - ERROR - Error logging signal: UNIQUE constraint failed: signals.signal_id
2025-11-12 21:10:33,358 - __main__.EnhancedTradeLogger - INFO - Execution logged: TRD_001 - OPEN at 2650.5
2025-11-12 21:10:33,359 - __main__.EnhancedTradeLogger - INFO - Outcome logged: TRD_001 - WIN (100.0 pips)
2025-11-12 21:10:33,359 - __main__.EnhancedTradeLogger - INFO - Performance metric logged: overall_win_rate = 73.5
2025-11-12 21:10:33,359 - __main__.EnhancedTradeLogger - INFO - Performance metric logged: max_drawdown_pips = -45.2
2025-11-12 21:10:33,359 - __main__.EnhancedTradeLogger - INFO - Performance metric logged: profit_factor = 1.85
2025-11-12 21:10:33,360 - __main__.EnhancedTradeLogger - ERROR - Error getting signal performance: 'losses'
2025-11-12 21:10:33,361 - __main__.EnhancedTradeLogger - INFO - Performance report exported to: /Users/arturo/git/ai-gold-scalper/logs/performance_report_20251112_211033.json
2025-11-12 21:10:33,361 - __main__.EnhancedTradeLogger - ERROR - Error getting signal performance: 'losses'
2025-11-12 21:11:13,130 - __main__.EnhancedTradeLogger - INFO - Enhanced Trade Logger initialized
2025-11-12 21:11:13,131 - __main__.EnhancedTradeLogger - INFO - Database tables initialized successfully
2025-11-12 21:11:13,131 - __main__.EnhancedTradeLogger - ERROR - Error logging signal: UNIQUE constraint failed: signals.signal_id
2025-11-12 21:11:13,131 - __main__.EnhancedTradeLogger - INFO - Execution logged: TRD_001 - OPEN at 2650.5
2025-11-12 21:11:13,132 - __main__.EnhancedTradeLogger - INFO - Outcome logged: TRD_001 - WIN (100.0 pips)
2025-11-12 21:11:13,132 - __main__.EnhancedTradeLogger - INFO - Performance metric logged: overall_win_rate = 73.5
2025-11-12 21:11:13,132 - __main__.EnhancedTradeLogger - INFO - Performance metric logged: max_drawdown_pips = -45.2
2025-11-12 21:11:13,133 - __main__.EnhancedTradeLogger - INFO - Performance metric logged: profit_factor = 1.85
2025-11-12 21:11:13,134 - __main__.EnhancedTradeLogger - ERROR - Error getting signal performance: 'losses'
2025-11-12 21:11:13,134 - __main__.EnhancedTradeLogger - INFO - Performance report exported to: /Users/arturo/git/ai-gold-scalper/logs/performance_report_20251112_211113.json
2025-11-12 21:11:13,135 - __main__.EnhancedTradeLogger - ERROR - Error getting signal performance: 'losses'
2025-11-12 21:17:20,256 - __main__.EnhancedTradeLogger - INFO - Enhanced Trade Logger initialized
2025-11-12 21:17:20,257 - __main__.EnhancedTradeLogger - INFO - Database tables initialized successfully
2025-11-12 21:17:20,257 - __main__.EnhancedTradeLogger - ERROR - Error logging signal: UNIQUE constraint failed: signals.signal_id
2025-11-12 21:17:20,259 - __main__.EnhancedTradeLogger - INFO - Execution logged: TRD_001 - OPEN at 2650.5
2025-11-12 21:17:20,259 - __main__.EnhancedTradeLogger - INFO - Outcome logged: TRD_001 - WIN (100.0 pips)
2025-11-12 21:17:20,259 - __main__.EnhancedTradeLogger - INFO - Performance metric logged: overall_win_rate = 73.5
2025-11-12 21:17:20,259 - __main__.EnhancedTradeLogger - INFO - Performance metric logged: max_drawdown_pips = -45.2
2025-11-12 21:17:20,260 - __main__.EnhancedTradeLogger - INFO - Performance metric logged: profit_factor = 1.85
2025-11-12 21:17:20,261 - __main__.EnhancedTradeLogger - ERROR - Error getting signal performance: 'losses'
2025-11-12 21:17:20,261 - __main__.EnhancedTradeLogger - INFO - Performance report exported to: /Users/arturo/git/ai-gold-scalper/logs/performance_report_20251112_211720.json
2025-11-12 21:17:20,262 - __main__.EnhancedTradeLogger - ERROR - Error getting signal performance: 'losses'
2025-11-12 21:20:04,019 - __main__.EnhancedTradeLogger - INFO - Enhanced Trade Logger initialized
2025-11-12 21:20:04,019 - __main__.EnhancedTradeLogger - INFO - Database tables initialized successfully
2025-11-12 21:20:04,019 - __main__.EnhancedTradeLogger - ERROR - Error logging signal: UNIQUE constraint failed: signals.signal_id
2025-11-12 21:20:04,020 - __main__.EnhancedTradeLogger - INFO - Execution logged: TRD_001 - OPEN at 2650.5
2025-11-12 21:20:04,020 - __main__.EnhancedTradeLogger - INFO - Outcome logged: TRD_001 - WIN (100.0 pips)
2025-11-12 21:20:04,021 - __main__.EnhancedTradeLogger - INFO - Performance metric logged: overall_win_rate = 73.5
2025-11-12 21:20:04,021 - __main__.EnhancedTradeLogger - INFO - Performance metric logged: max_drawdown_pips = -45.2
2025-11-12 21:20:04,021 - __main__.EnhancedTradeLogger - INFO - Performance metric logged: profit_factor = 1.85
2025-11-12 21:20:04,022 - __main__.EnhancedTradeLogger - ERROR - Error getting signal performance: 'losses'
2025-11-12 21:20:04,023 - __main__.EnhancedTradeLogger - INFO - Performance report exported to: /Users/arturo/git/ai-gold-scalper/logs/performance_report_20251112_212004.json
2025-11-12 21:20:04,023 - __main__.EnhancedTradeLogger - ERROR - Error getting signal performance: 'losses'
